::1 - - [10/Mar/2020:21:30:04 -0300] "GET / HTTP/1.1" 200 77780
::1 - - [10/Mar/2020:21:30:04 -0300] "GET /style.css HTTP/1.1" 200 3041
::1 - - [10/Mar/2020:21:30:04 -0300] "GET /images/header.png HTTP/1.1" 200 7766
::1 - - [10/Mar/2020:21:30:04 -0300] "GET /index.php?=PHPE9568F34-D428-11d2-A769-00AA001ACF42 HTTP/1.1" 200 2524
::1 - - [10/Mar/2020:21:30:04 -0300] "GET /index.php?=PHPE9568F35-D428-11d2-A769-00AA001ACF42 HTTP/1.1" 200 2146
::1 - - [10/Mar/2020:21:30:04 -0300] "GET /images/background.jpg HTTP/1.1" 200 12386
::1 - - [10/Mar/2020:21:30:04 -0300] "GET /images/menuleft.jpg HTTP/1.1" 200 11236
::1 - - [10/Mar/2020:21:30:04 -0300] "GET /images/menu.jpg HTTP/1.1" 200 11219
::1 - - [10/Mar/2020:21:30:04 -0300] "GET /images/menuright.jpg HTTP/1.1" 200 11239
::1 - - [10/Mar/2020:21:30:04 -0300] "GET /images/topcontent.jpg HTTP/1.1" 200 11578
::1 - - [10/Mar/2020:21:30:04 -0300] "GET /images/content.jpg HTTP/1.1" 200 11916
::1 - - [10/Mar/2020:21:30:04 -0300] "GET /images/banner.jpg HTTP/1.1" 200 38149
::1 - - [10/Mar/2020:21:30:05 -0300] "GET /favicon.ico HTTP/1.1" 404 209
::1 - - [10/Mar/2020:21:30:17 -0300] "GET / HTTP/1.1" 200 241
::1 - - [10/Mar/2020:21:30:21 -0300] "GET /DogWalker/ HTTP/1.1" 200 456
::1 - - [10/Mar/2020:21:30:24 -0300] "GET /DogWalker/bootstrap-4.1.3-dist/ HTTP/1.1" 200 5114
::1 - - [10/Mar/2020:21:30:24 -0300] "GET /DogWalker/bootstrap-4.1.3-dist/css/bootstrap.css HTTP/1.1" 200 173597
::1 - - [10/Mar/2020:21:30:24 -0300] "GET /DogWalker/bootstrap-4.1.3-dist/libs/MaterialDesign/css/materialdesignicons.css HTTP/1.1" 200 195640
::1 - - [10/Mar/2020:21:30:24 -0300] "GET /DogWalker/bootstrap-4.1.3-dist/libs/sweetalert2-8.13.0/package/dist/sweetalert2.css HTTP/1.1" 200 33437
::1 - - [10/Mar/2020:21:30:24 -0300] "GET /DogWalker/bootstrap-4.1.3-dist/js/jquery-3.4.1.min.js HTTP/1.1" 200 88145
::1 - - [10/Mar/2020:21:30:24 -0300] "GET /DogWalker/bootstrap-4.1.3-dist/js/bootstrap.js HTTP/1.1" 200 123765
::1 - - [10/Mar/2020:21:30:24 -0300] "GET /DogWalker/bootstrap-4.1.3-dist/img/short.png HTTP/1.1" 200 8986
::1 - - [10/Mar/2020:21:30:24 -0300] "GET /DogWalker/bootstrap-4.1.3-dist/libs/MaterialDesign/fonts/materialdesignicons-webfont.woff2?v=3.6.95 HTTP/1.1" 200 193408
::1 - - [10/Mar/2020:21:30:24 -0300] "GET /DogWalker/bootstrap-4.1.3-dist/imagens/short.png HTTP/1.1" 404 246
::1 - - [10/Mar/2020:21:30:42 -0300] "POST /DogWalker/bootstrap-4.1.3-dist/verificaLogin.php HTTP/1.1" 302 363
::1 - - [10/Mar/2020:21:30:42 -0300] "GET /DogWalker/bootstrap-4.1.3-dist/dogwalker.html HTTP/1.1" 200 4413
::1 - - [10/Mar/2020:21:30:42 -0300] "GET /DogWalker/bootstrap-4.1.3-dist/libs/sweetalert2/package/dist/sweetalert2.css HTTP/1.1" 200 30125
::1 - - [10/Mar/2020:21:30:42 -0300] "GET /DogWalker/bootstrap-4.1.3-dist/img/logo.png HTTP/1.1" 200 180122
::1 - - [10/Mar/2020:21:30:42 -0300] "GET /DogWalker/bootstrap-4.1.3-dist/libs/sweetalert2/package/dist/sweetalert2.js HTTP/1.1" 200 88531
::1 - - [10/Mar/2020:21:30:42 -0300] "GET /DogWalker/bootstrap-4.1.3-dist/js/jquery-3.4.1.js HTTP/1.1" 200 280364
::1 - - [10/Mar/2020:21:30:42 -0300] "GET /DogWalker/bootstrap-4.1.3-dist/img/slide%201.jpg HTTP/1.1" 200 1363550
::1 - - [10/Mar/2020:21:30:42 -0300] "GET /DogWalker/bootstrap-4.1.3-dist/js/navmenu.js HTTP/1.1" 200 300
::1 - - [10/Mar/2020:21:30:42 -0300] "GET /DogWalker/bootstrap-4.1.3-dist/img/slide%202.jpg HTTP/1.1" 200 31292
::1 - - [10/Mar/2020:21:30:43 -0300] "GET /DogWalker/bootstrap-4.1.3-dist/img/slide%203.jpg HTTP/1.1" 200 4552
::1 - - [10/Mar/2020:21:30:43 -0300] "GET /DogWalker/bootstrap-4.1.3-dist/img/short.png HTTP/1.1" 200 8986
::1 - - [10/Mar/2020:21:30:49 -0300] "GET /DogWalker/bootstrap-4.1.3-dist/caes/visao/login.html HTTP/1.1" 404 250
::1 - - [10/Mar/2020:21:31:15 -0300] "POST /DogWalker/bootstrap-4.1.3-dist/cadastro.php HTTP/1.1" 302 46
::1 - - [10/Mar/2020:21:31:15 -0300] "GET /DogWalker/bootstrap-4.1.3-dist/index.html?pagina=caes HTTP/1.1" 200 5114
::1 - - [10/Mar/2020:21:31:15 -0300] "GET /DogWalker/bootstrap-4.1.3-dist/img/short.png HTTP/1.1" 200 8986
::1 - - [10/Mar/2020:21:31:24 -0300] "POST /DogWalker/bootstrap-4.1.3-dist/verificaLogin.php HTTP/1.1" 200 43
::1 - - [10/Mar/2020:21:31:33 -0300] "POST /DogWalker/bootstrap-4.1.3-dist/verificaLogin.php HTTP/1.1" 302 363
::1 - - [10/Mar/2020:21:31:33 -0300] "GET /DogWalker/bootstrap-4.1.3-dist/dogwalker.html HTTP/1.1" 304 -
::1 - - [10/Mar/2020:21:31:33 -0300] "GET /DogWalker/bootstrap-4.1.3-dist/libs/sweetalert2/package/dist/sweetalert2.css HTTP/1.1" 200 30125
::1 - - [10/Mar/2020:21:31:33 -0300] "GET /DogWalker/bootstrap-4.1.3-dist/img/logo.png HTTP/1.1" 200 180122
::1 - - [10/Mar/2020:21:31:33 -0300] "GET /DogWalker/bootstrap-4.1.3-dist/libs/sweetalert2/package/dist/sweetalert2.js HTTP/1.1" 200 88531
::1 - - [10/Mar/2020:21:31:33 -0300] "GET /DogWalker/bootstrap-4.1.3-dist/img/slide%201.jpg HTTP/1.1" 200 1363550
::1 - - [10/Mar/2020:21:31:33 -0300] "GET /DogWalker/bootstrap-4.1.3-dist/img/slide%202.jpg HTTP/1.1" 200 31292
::1 - - [10/Mar/2020:21:31:33 -0300] "GET /DogWalker/bootstrap-4.1.3-dist/js/jquery-3.4.1.js HTTP/1.1" 200 280364
::1 - - [10/Mar/2020:21:31:33 -0300] "GET /DogWalker/bootstrap-4.1.3-dist/img/slide%203.jpg HTTP/1.1" 200 4552
::1 - - [10/Mar/2020:21:31:38 -0300] "GET /DogWalker/bootstrap-4.1.3-dist/libs/sweetalert2/package/dist/sweetalert2.css HTTP/1.1" 200 30125
::1 - - [10/Mar/2020:21:31:39 -0300] "GET /DogWalker/bootstrap-4.1.3-dist/js/bootstrap.js.map HTTP/1.1" 200 211967
::1 - - [10/Mar/2020:21:31:39 -0300] "GET /DogWalker/bootstrap-4.1.3-dist/css/bootstrap.css.map HTTP/1.1" 200 430003
::1 - - [10/Mar/2020:21:31:39 -0300] "GET /DogWalker/bootstrap-4.1.3-dist/libs/MaterialDesign/css/materialdesignicons.css.map HTTP/1.1" 200 135069
192.168.20.44 - - [10/Mar/2020:21:35:00 -0300] "GET / HTTP/1.1" 200 241
192.168.20.44 - - [10/Mar/2020:21:35:02 -0300] "GET /HNAP1/ HTTP/1.1" 404 204
::1 - - [10/Mar/2020:21:40:34 -0300] "GET / HTTP/1.1" 200 241
::1 - - [10/Mar/2020:21:40:37 -0300] "GET /DogWalker/ HTTP/1.1" 200 456
::1 - - [10/Mar/2020:21:40:38 -0300] "GET /DogWalker/bootstrap-4.1.3-dist/img/short.png HTTP/1.1" 200 8986
::1 - - [10/Mar/2020:21:40:43 -0300] "POST /DogWalker/bootstrap-4.1.3-dist/verificaLogin.php HTTP/1.1" 302 363
::1 - - [10/Mar/2020:21:40:44 -0300] "GET /DogWalker/bootstrap-4.1.3-dist/dogwalker.html HTTP/1.1" 200 4460
::1 - - [10/Mar/2020:21:40:44 -0300] "GET /DogWalker/bootstrap-4.1.3-dist/img/slide%202.jpg HTTP/1.1" 200 31292
::1 - - [10/Mar/2020:21:40:44 -0300] "GET /DogWalker/bootstrap-4.1.3-dist/libs/sweetalert2/package/dist/sweetalert2.css HTTP/1.1" 200 30125
::1 - - [10/Mar/2020:21:40:44 -0300] "GET /DogWalker/bootstrap-4.1.3-dist/libs/sweetalert2/package/dist/sweetalert2.js HTTP/1.1" 200 88531
::1 - - [10/Mar/2020:21:40:44 -0300] "GET /DogWalker/bootstrap-4.1.3-dist/img/logo.png HTTP/1.1" 200 180122
::1 - - [10/Mar/2020:21:40:44 -0300] "GET /DogWalker/bootstrap-4.1.3-dist/img/slide%203.jpg HTTP/1.1" 200 248883
::1 - - [10/Mar/2020:21:40:44 -0300] "GET /DogWalker/bootstrap-4.1.3-dist/js/jquery-3.4.1.js HTTP/1.1" 200 280364
::1 - - [10/Mar/2020:21:40:44 -0300] "GET /DogWalker/bootstrap-4.1.3-dist/img/slide%201.jpg HTTP/1.1" 200 1363550
::1 - - [10/Mar/2020:21:40:46 -0300] "GET /DogWalker/bootstrap-4.1.3-dist/caes/visao/login.html HTTP/1.1" 404 250
::1 - - [10/Mar/2020:21:41:09 -0300] "GET /DogWalker/bootstrap-4.1.3-dist/dogwalker.html HTTP/1.1" 200 4424
::1 - - [10/Mar/2020:21:41:09 -0300] "GET /DogWalker/bootstrap-4.1.3-dist/libs/sweetalert2/package/dist/sweetalert2.css HTTP/1.1" 200 30125
::1 - - [10/Mar/2020:21:41:09 -0300] "GET /DogWalker/bootstrap-4.1.3-dist/libs/sweetalert2/package/dist/sweetalert2.js HTTP/1.1" 200 88531
::1 - - [10/Mar/2020:21:41:09 -0300] "GET /DogWalker/bootstrap-4.1.3-dist/js/jquery-3.4.1.js HTTP/1.1" 200 280364
::1 - - [10/Mar/2020:21:41:09 -0300] "GET /DogWalker/bootstrap-4.1.3-dist/img/slide%202.jpg HTTP/1.1" 200 31292
::1 - - [10/Mar/2020:21:41:09 -0300] "GET /DogWalker/bootstrap-4.1.3-dist/img/slide%201.jpg HTTP/1.1" 200 1363550
::1 - - [10/Mar/2020:21:41:09 -0300] "GET /DogWalker/bootstrap-4.1.3-dist/img/logo.png HTTP/1.1" 200 180122
::1 - - [10/Mar/2020:21:41:09 -0300] "GET /DogWalker/bootstrap-4.1.3-dist/img/short.png HTTP/1.1" 200 8986
::1 - - [10/Mar/2020:21:41:10 -0300] "GET /DogWalker/bootstrap-4.1.3-dist/index.html HTTP/1.1" 200 5114
::1 - - [10/Mar/2020:21:41:10 -0300] "GET /DogWalker/bootstrap-4.1.3-dist/img/short.png HTTP/1.1" 200 8986
::1 - - [10/Mar/2020:21:41:17 -0300] "POST /DogWalker/bootstrap-4.1.3-dist/verificaLogin.php HTTP/1.1" 302 363
::1 - - [10/Mar/2020:21:41:17 -0300] "GET /DogWalker/bootstrap-4.1.3-dist/dogwalker.html HTTP/1.1" 304 -
::1 - - [10/Mar/2020:21:41:17 -0300] "GET /DogWalker/bootstrap-4.1.3-dist/libs/sweetalert2/package/dist/sweetalert2.css HTTP/1.1" 200 30125
::1 - - [10/Mar/2020:21:41:17 -0300] "GET /DogWalker/bootstrap-4.1.3-dist/libs/sweetalert2/package/dist/sweetalert2.js HTTP/1.1" 200 88531
::1 - - [10/Mar/2020:21:41:17 -0300] "GET /DogWalker/bootstrap-4.1.3-dist/js/jquery-3.4.1.js HTTP/1.1" 200 280364
::1 - - [10/Mar/2020:21:41:17 -0300] "GET /DogWalker/bootstrap-4.1.3-dist/img/logo.png HTTP/1.1" 200 180122
::1 - - [10/Mar/2020:21:41:17 -0300] "GET /DogWalker/bootstrap-4.1.3-dist/img/slide%201.jpg HTTP/1.1" 200 1363550
::1 - - [10/Mar/2020:21:41:17 -0300] "GET /DogWalker/bootstrap-4.1.3-dist/img/slide%202.jpg HTTP/1.1" 200 31292
::1 - - [10/Mar/2020:21:41:26 -0300] "GET /DogWalker/bootstrap-4.1.3-dist/libs/sweetalert2/package/dist/sweetalert2.css HTTP/1.1" 200 30125
::1 - - [10/Mar/2020:21:57:04 -0300] "GET / HTTP/1.1" 200 241
::1 - - [10/Mar/2020:21:57:06 -0300] "GET /DogWalker/ HTTP/1.1" 200 456
::1 - - [10/Mar/2020:21:57:07 -0300] "GET /DogWalker/bootstrap-4.1.3-dist/img/short.png HTTP/1.1" 200 8986
::1 - - [10/Mar/2020:21:57:09 -0300] "POST /DogWalker/bootstrap-4.1.3-dist/verificaLogin.php HTTP/1.1" 302 363
::1 - - [10/Mar/2020:21:57:09 -0300] "GET /DogWalker/bootstrap-4.1.3-dist/dogwalker.html HTTP/1.1" 200 4424
::1 - - [10/Mar/2020:21:57:09 -0300] "GET /DogWalker/bootstrap-4.1.3-dist/libs/sweetalert2/package/dist/sweetalert2.css HTTP/1.1" 200 30125
::1 - - [10/Mar/2020:21:57:09 -0300] "GET /DogWalker/bootstrap-4.1.3-dist/libs/sweetalert2/package/dist/sweetalert2.js HTTP/1.1" 200 88531
::1 - - [10/Mar/2020:21:57:09 -0300] "GET /DogWalker/bootstrap-4.1.3-dist/js/jquery-3.4.1.js HTTP/1.1" 200 280364
::1 - - [10/Mar/2020:21:57:09 -0300] "GET /DogWalker/bootstrap-4.1.3-dist/img/slide%201.jpg HTTP/1.1" 200 1363550
::1 - - [10/Mar/2020:21:57:09 -0300] "GET /DogWalker/bootstrap-4.1.3-dist/img/logo.png HTTP/1.1" 200 180122
::1 - - [10/Mar/2020:21:57:09 -0300] "GET /DogWalker/bootstrap-4.1.3-dist/img/slide%202.jpg HTTP/1.1" 200 31292
::1 - - [10/Mar/2020:21:57:09 -0300] "GET /DogWalker/bootstrap-4.1.3-dist/img/slide%203.jpg HTTP/1.1" 304 -
::1 - - [10/Mar/2020:21:57:11 -0300] "GET /DogWalker/bootstrap-4.1.3-dist/img/short.png HTTP/1.1" 200 8986
::1 - - [10/Mar/2020:21:59:40 -0300] "POST /DogWalker/bootstrap-4.1.3-dist/cadastro.php HTTP/1.1" 302 46
::1 - - [10/Mar/2020:21:59:40 -0300] "GET /DogWalker/bootstrap-4.1.3-dist/index.html?pagina=caes HTTP/1.1" 304 -
::1 - - [10/Mar/2020:21:59:41 -0300] "GET /DogWalker/bootstrap-4.1.3-dist/img/short.png HTTP/1.1" 200 8986
::1 - - [10/Mar/2020:21:59:45 -0300] "POST /DogWalker/bootstrap-4.1.3-dist/verificaLogin.php HTTP/1.1" 302 363
::1 - - [10/Mar/2020:21:59:45 -0300] "GET /DogWalker/bootstrap-4.1.3-dist/dogwalker.html HTTP/1.1" 304 -
::1 - - [10/Mar/2020:21:59:45 -0300] "GET /DogWalker/bootstrap-4.1.3-dist/libs/sweetalert2/package/dist/sweetalert2.css HTTP/1.1" 200 30125
::1 - - [10/Mar/2020:21:59:45 -0300] "GET /DogWalker/bootstrap-4.1.3-dist/img/logo.png HTTP/1.1" 200 180122
::1 - - [10/Mar/2020:21:59:45 -0300] "GET /DogWalker/bootstrap-4.1.3-dist/libs/sweetalert2/package/dist/sweetalert2.js HTTP/1.1" 200 88531
::1 - - [10/Mar/2020:21:59:45 -0300] "GET /DogWalker/bootstrap-4.1.3-dist/img/slide%201.jpg HTTP/1.1" 200 1363550
::1 - - [10/Mar/2020:21:59:45 -0300] "GET /DogWalker/bootstrap-4.1.3-dist/js/jquery-3.4.1.js HTTP/1.1" 200 280364
::1 - - [10/Mar/2020:21:59:45 -0300] "GET /DogWalker/bootstrap-4.1.3-dist/img/slide%202.jpg HTTP/1.1" 200 31292
::1 - - [10/Mar/2020:21:59:45 -0300] "GET /DogWalker/bootstrap-4.1.3-dist/img/slide%203.jpg HTTP/1.1" 304 -
::1 - - [10/Mar/2020:21:59:50 -0300] "POST /DogWalker/bootstrap-4.1.3-dist/verificaLogin.php HTTP/1.1" 302 363
::1 - - [10/Mar/2020:21:59:50 -0300] "GET /DogWalker/bootstrap-4.1.3-dist/dogwalker.html HTTP/1.1" 304 -
::1 - - [10/Mar/2020:21:59:50 -0300] "GET /DogWalker/bootstrap-4.1.3-dist/img/logo.png HTTP/1.1" 200 180122
::1 - - [10/Mar/2020:21:59:50 -0300] "GET /DogWalker/bootstrap-4.1.3-dist/libs/sweetalert2/package/dist/sweetalert2.css HTTP/1.1" 200 30125
::1 - - [10/Mar/2020:21:59:50 -0300] "GET /DogWalker/bootstrap-4.1.3-dist/img/slide%201.jpg HTTP/1.1" 200 1363550
::1 - - [10/Mar/2020:21:59:50 -0300] "GET /DogWalker/bootstrap-4.1.3-dist/libs/sweetalert2/package/dist/sweetalert2.js HTTP/1.1" 200 88531
::1 - - [10/Mar/2020:21:59:50 -0300] "GET /DogWalker/bootstrap-4.1.3-dist/js/jquery-3.4.1.js HTTP/1.1" 200 280364
::1 - - [10/Mar/2020:21:59:50 -0300] "GET /DogWalker/bootstrap-4.1.3-dist/img/slide%202.jpg HTTP/1.1" 200 31292
::1 - - [10/Mar/2020:21:59:51 -0300] "GET /DogWalker/bootstrap-4.1.3-dist/caes/visao/DogWalker/ HTTP/1.1" 404 250
::1 - - [10/Mar/2020:21:59:56 -0300] "GET /DogWalker/bootstrap-4.1.3-dist/img/short.png HTTP/1.1" 200 8986
::1 - - [10/Mar/2020:21:59:59 -0300] "POST /DogWalker/bootstrap-4.1.3-dist/verificaLogin.php HTTP/1.1" 302 363
::1 - - [10/Mar/2020:21:59:59 -0300] "GET /DogWalker/bootstrap-4.1.3-dist/dogwalker.html HTTP/1.1" 304 -
::1 - - [10/Mar/2020:22:00:00 -0300] "GET /DogWalker/bootstrap-4.1.3-dist/libs/sweetalert2/package/dist/sweetalert2.css HTTP/1.1" 200 30125
::1 - - [10/Mar/2020:22:00:00 -0300] "GET /DogWalker/bootstrap-4.1.3-dist/img/logo.png HTTP/1.1" 200 180122
::1 - - [10/Mar/2020:22:00:00 -0300] "GET /DogWalker/bootstrap-4.1.3-dist/libs/sweetalert2/package/dist/sweetalert2.js HTTP/1.1" 200 88531
::1 - - [10/Mar/2020:22:00:00 -0300] "GET /DogWalker/bootstrap-4.1.3-dist/js/jquery-3.4.1.js HTTP/1.1" 200 280364
::1 - - [10/Mar/2020:22:00:00 -0300] "GET /DogWalker/bootstrap-4.1.3-dist/img/slide%202.jpg HTTP/1.1" 200 31292
::1 - - [10/Mar/2020:22:00:00 -0300] "GET /DogWalker/bootstrap-4.1.3-dist/img/slide%201.jpg HTTP/1.1" 200 1363550
::1 - - [10/Mar/2020:22:00:02 -0300] "GET /DogWalker/bootstrap-4.1.3-dist/img/short.png HTTP/1.1" 200 8986
::1 - - [10/Mar/2020:22:00:23 -0300] "POST /DogWalker/bootstrap-4.1.3-dist/cadastro.php HTTP/1.1" 302 46
::1 - - [10/Mar/2020:22:00:23 -0300] "GET /DogWalker/bootstrap-4.1.3-dist/index.html?pagina=caes HTTP/1.1" 304 -
::1 - - [10/Mar/2020:22:00:23 -0300] "GET /DogWalker/bootstrap-4.1.3-dist/img/short.png HTTP/1.1" 200 8986
::1 - - [10/Mar/2020:22:00:30 -0300] "POST /DogWalker/bootstrap-4.1.3-dist/verificaLogin.php HTTP/1.1" 200 43
::1 - - [10/Mar/2020:22:00:37 -0300] "GET /phpmyadmin HTTP/1.1" 301 241
::1 - - [10/Mar/2020:22:00:37 -0300] "GET /phpmyadmin/ HTTP/1.1" 200 8548
::1 - - [10/Mar/2020:22:00:38 -0300] "GET /phpmyadmin/themes/pmahomme/jquery/jquery-ui-1.9.2.custom.css HTTP/1.1" 200 32278
::1 - - [10/Mar/2020:22:00:38 -0300] "GET /phpmyadmin/themes/pmahomme/img/logo_right.png HTTP/1.1" 200 4548
::1 - - [10/Mar/2020:22:00:38 -0300] "GET /phpmyadmin/themes/dot.gif HTTP/1.1" 200 43
::1 - - [10/Mar/2020:22:00:38 -0300] "GET /phpmyadmin/phpmyadmin.css.php?server=1&lang=pt&collation_connection=utf8_general_ci&token=d1a69a5b13b5a9aa20d53f0940c862c3&nocache=4125195912ltr HTTP/1.1" 200 88608
::1 - - [10/Mar/2020:22:00:38 -0300] "GET /phpmyadmin/js/get_scripts.js.php?scripts[]=jquery/jquery-1.8.3.js&scripts[]=ajax.js&scripts[]=keyhandler.js&scripts[]=jquery/jquery-ui-1.9.2.custom.js&scripts[]=jquery/jquery.sprintf.js&scripts[]=jquery/jquery.cookie.js&scripts[]=jquery/jquery.mousewheel.js&scripts[]=jquery/jquery.event.drag-2.2.js&scripts[]=jquery/jquery-ui-timepicker-addon.js&scripts[]=jquery/jquery.ba-hashchange-1.3.js&scripts[]=jquery/jquery.debounce-1.0.5.js&scripts[]=jquery/jquery.menuResizer-1.0.js&scripts[]=rte.js&scripts[]=functions.js&scripts[]=navigation.js&scripts[]=indexes.js&scripts[]=common.js&scripts[]=codemirror/lib/codemirror.js&scripts[]=codemirror/mode/mysql/mysql.js HTTP/1.1" 200 578562
::1 - - [10/Mar/2020:22:00:38 -0300] "GET /phpmyadmin/js/messages.php?lang=pt&db=&server=0&collation_connection=utf8_general_ci&token=b937567f8c5342b56637d4f82ab1f5ee HTTP/1.1" 200 18103
::1 - - [10/Mar/2020:22:00:38 -0300] "GET /phpmyadmin/js/get_image.js.php?theme=pmahomme HTTP/1.1" 200 6263
::1 - - [10/Mar/2020:22:00:39 -0300] "GET /phpmyadmin/themes/pmahomme/img/sprites.png HTTP/1.1" 200 61899
::1 - - [10/Mar/2020:22:00:39 -0300] "GET /phpmyadmin/favicon.ico HTTP/1.1" 200 18902
::1 - - [10/Mar/2020:22:00:49 -0300] "POST /phpmyadmin/index.php HTTP/1.1" 302 -
::1 - - [10/Mar/2020:22:00:49 -0300] "GET /phpmyadmin/index.php?token=d1a69a5b13b5a9aa20d53f0940c862c3 HTTP/1.1" 200 47248
::1 - - [10/Mar/2020:22:00:49 -0300] "GET /phpmyadmin/themes/pmahomme/img/logo_left.png HTTP/1.1" 200 2327
::1 - - [10/Mar/2020:22:00:49 -0300] "GET /phpmyadmin/themes/pmahomme/img/ajax_clock_small.gif HTTP/1.1" 200 1810
::1 - - [10/Mar/2020:22:00:49 -0300] "GET /phpmyadmin/phpmyadmin.css.php?server=1&token=d1a69a5b13b5a9aa20d53f0940c862c3&nocache=5709084361ltr HTTP/1.1" 200 88608
::1 - - [10/Mar/2020:22:00:49 -0300] "GET /phpmyadmin/js/messages.php?lang=pt&db=&server=0&token=d1a69a5b13b5a9aa20d53f0940c862c3 HTTP/1.1" 200 18103
::1 - - [10/Mar/2020:22:00:49 -0300] "GET /phpmyadmin/themes/pmahomme/img/left_nav_bg.png HTTP/1.1" 200 297
::1 - - [10/Mar/2020:22:00:50 -0300] "GET /phpmyadmin/version_check.php?&_nocache=1583888450004100668 HTTP/1.1" 200 195
::1 - - [10/Mar/2020:22:00:51 -0300] "GET /phpmyadmin/navigation.php?ajax_request=1&token=d1a69a5b13b5a9aa20d53f0940c862c3&aPath=cm9vdA%3D%3D.d2Fsa2Rvcw%3D%3D&vPath=cm9vdA%3D%3D.d2Fsa2Rvcw%3D%3D&pos=0&pos2_name=&pos2_value=&searchClause=&searchClause2=&_nocache=1583888451676196690 HTTP/1.1" 200 187
::1 - - [10/Mar/2020:22:00:56 -0300] "GET /phpmyadmin/db_structure.php?server=1&db=walkdos&token=d1a69a5b13b5a9aa20d53f0940c862c3&ajax_request=true&ajax_page_request=true&menuHashes=37b240aa&_nocache=1583888455993612779 HTTP/1.1" 200 187
::1 - - [10/Mar/2020:22:01:52 -0300] "GET /phpmyadmin/ HTTP/1.1" 200 187
::1 - - [10/Mar/2020:22:02:24 -0300] "GET /phpmyadmin/ HTTP/1.1" 200 47248
::1 - - [10/Mar/2020:22:02:28 -0300] "GET /phpmyadmin/ HTTP/1.1" 200 47248
