[Tue Mar 10 21:29:33.600378 2020] [mpm_winnt:notice] [pid 3268:tid 380] AH00455: Apache/2.4.6 (Win32) PHP/5.4.17 configured -- resuming normal operations
[Tue Mar 10 21:29:33.600378 2020] [mpm_winnt:notice] [pid 3268:tid 380] AH00456: Apache Lounge VC10 Server built: Jul 16 2013 11:15:41
[Tue Mar 10 21:29:33.600378 2020] [core:notice] [pid 3268:tid 380] AH00094: Command line: 'C:\\Users\\Aluno\\Desktop\\USBWebserver v8.6/apache2/bin/httpd_usbwv8.exe -d C:/Users/Aluno/Desktop/USBWebserver v8.6/apache2'
[Tue Mar 10 21:29:33.603378 2020] [mpm_winnt:notice] [pid 3268:tid 380] AH00418: Parent: Created child process 4480
[Tue Mar 10 21:29:34.516431 2020] [mpm_winnt:notice] [pid 4480:tid 396] AH00354: Child: Starting 64 worker threads.
[Tue Mar 10 21:30:04.682156 2020] [:error] [pid 4480:tid 932] [client ::1:49432] PHP Warning:  phpinfo(): It is not safe to rely on the system's timezone settings. You are *required* to use the date.timezone setting or the date_default_timezone_set() function. In case you used any of those methods and you are still getting this warning, you most likely misspelled the timezone identifier. We selected the timezone 'UTC' for now, but please set date.timezone to select your timezone. in C:\\Users\\Aluno\\Desktop\\USBWebserver v8.6\\root\\index.php on line 47
[Tue Mar 10 21:30:42.806337 2020] [:error] [pid 4480:tid 912] [client ::1:49448] PHP Notice:  Undefined index: ID_Cadastro in C:\\Users\\Aluno\\Desktop\\USBWebserver v8.6\\root\\DogWalker\\bootstrap-4.1.3-dist\\verificaLogin.php on line 52, referer: http://localhost:8080/DogWalker/bootstrap-4.1.3-dist/
[Tue Mar 10 21:30:42.806337 2020] [:error] [pid 4480:tid 912] [client ::1:49448] PHP Notice:  Undefined index: nomeCadastro in C:\\Users\\Aluno\\Desktop\\USBWebserver v8.6\\root\\DogWalker\\bootstrap-4.1.3-dist\\verificaLogin.php on line 54, referer: http://localhost:8080/DogWalker/bootstrap-4.1.3-dist/
[Tue Mar 10 21:31:33.504236 2020] [:error] [pid 4480:tid 924] [client ::1:49461] PHP Notice:  Undefined index: ID_Cadastro in C:\\Users\\Aluno\\Desktop\\USBWebserver v8.6\\root\\DogWalker\\bootstrap-4.1.3-dist\\verificaLogin.php on line 52, referer: http://localhost:8080/DogWalker/bootstrap-4.1.3-dist/index.html?pagina=caes
[Tue Mar 10 21:31:33.505236 2020] [:error] [pid 4480:tid 924] [client ::1:49461] PHP Notice:  Undefined index: nomeCadastro in C:\\Users\\Aluno\\Desktop\\USBWebserver v8.6\\root\\DogWalker\\bootstrap-4.1.3-dist\\verificaLogin.php on line 54, referer: http://localhost:8080/DogWalker/bootstrap-4.1.3-dist/index.html?pagina=caes
[Tue Mar 10 21:40:44.003723 2020] [:error] [pid 4480:tid 924] [client ::1:49580] PHP Notice:  Undefined index: ID_Cadastro in C:\\Users\\Aluno\\Desktop\\USBWebserver v8.6\\root\\DogWalker\\bootstrap-4.1.3-dist\\verificaLogin.php on line 52, referer: http://localhost:8080/DogWalker/bootstrap-4.1.3-dist/
[Tue Mar 10 21:40:44.003723 2020] [:error] [pid 4480:tid 924] [client ::1:49580] PHP Notice:  Undefined index: nomeCadastro in C:\\Users\\Aluno\\Desktop\\USBWebserver v8.6\\root\\DogWalker\\bootstrap-4.1.3-dist\\verificaLogin.php on line 54, referer: http://localhost:8080/DogWalker/bootstrap-4.1.3-dist/
[Tue Mar 10 21:41:17.787655 2020] [:error] [pid 4480:tid 928] [client ::1:49607] PHP Notice:  Undefined index: ID_Cadastro in C:\\Users\\Aluno\\Desktop\\USBWebserver v8.6\\root\\DogWalker\\bootstrap-4.1.3-dist\\verificaLogin.php on line 52, referer: http://localhost:8080/DogWalker/bootstrap-4.1.3-dist/index.html
[Tue Mar 10 21:41:17.787655 2020] [:error] [pid 4480:tid 928] [client ::1:49607] PHP Notice:  Undefined index: nomeCadastro in C:\\Users\\Aluno\\Desktop\\USBWebserver v8.6\\root\\DogWalker\\bootstrap-4.1.3-dist\\verificaLogin.php on line 54, referer: http://localhost:8080/DogWalker/bootstrap-4.1.3-dist/index.html
[Tue Mar 10 21:57:09.578095 2020] [:error] [pid 4480:tid 932] [client ::1:50533] PHP Notice:  Undefined index: ID_Cadastro in C:\\Users\\Aluno\\Desktop\\USBWebserver v8.6\\root\\DogWalker\\bootstrap-4.1.3-dist\\verificaLogin.php on line 52, referer: http://localhost:8080/DogWalker/bootstrap-4.1.3-dist/
[Tue Mar 10 21:57:09.578095 2020] [:error] [pid 4480:tid 932] [client ::1:50533] PHP Notice:  Undefined index: nomeCadastro in C:\\Users\\Aluno\\Desktop\\USBWebserver v8.6\\root\\DogWalker\\bootstrap-4.1.3-dist\\verificaLogin.php on line 54, referer: http://localhost:8080/DogWalker/bootstrap-4.1.3-dist/
[Tue Mar 10 21:59:45.428009 2020] [:error] [pid 4480:tid 932] [client ::1:50716] PHP Notice:  Undefined index: ID_Cadastro in C:\\Users\\Aluno\\Desktop\\USBWebserver v8.6\\root\\DogWalker\\bootstrap-4.1.3-dist\\verificaLogin.php on line 52, referer: http://localhost:8080/DogWalker/bootstrap-4.1.3-dist/index.html?pagina=caes
[Tue Mar 10 21:59:45.428009 2020] [:error] [pid 4480:tid 932] [client ::1:50716] PHP Notice:  Undefined index: nomeCadastro in C:\\Users\\Aluno\\Desktop\\USBWebserver v8.6\\root\\DogWalker\\bootstrap-4.1.3-dist\\verificaLogin.php on line 54, referer: http://localhost:8080/DogWalker/bootstrap-4.1.3-dist/index.html?pagina=caes
[Tue Mar 10 21:59:50.819317 2020] [:error] [pid 4480:tid 924] [client ::1:50721] PHP Notice:  Undefined index: ID_Cadastro in C:\\Users\\Aluno\\Desktop\\USBWebserver v8.6\\root\\DogWalker\\bootstrap-4.1.3-dist\\verificaLogin.php on line 52, referer: http://localhost:8080/DogWalker/bootstrap-4.1.3-dist/index.html?pagina=caes
[Tue Mar 10 21:59:50.819317 2020] [:error] [pid 4480:tid 924] [client ::1:50721] PHP Notice:  Undefined index: nomeCadastro in C:\\Users\\Aluno\\Desktop\\USBWebserver v8.6\\root\\DogWalker\\bootstrap-4.1.3-dist\\verificaLogin.php on line 54, referer: http://localhost:8080/DogWalker/bootstrap-4.1.3-dist/index.html?pagina=caes
[Tue Mar 10 21:59:59.966840 2020] [:error] [pid 4480:tid 920] [client ::1:50731] PHP Notice:  Undefined index: ID_Cadastro in C:\\Users\\Aluno\\Desktop\\USBWebserver v8.6\\root\\DogWalker\\bootstrap-4.1.3-dist\\verificaLogin.php on line 52, referer: http://localhost:8080/DogWalker/bootstrap-4.1.3-dist/index.html
[Tue Mar 10 21:59:59.966840 2020] [:error] [pid 4480:tid 920] [client ::1:50731] PHP Notice:  Undefined index: nomeCadastro in C:\\Users\\Aluno\\Desktop\\USBWebserver v8.6\\root\\DogWalker\\bootstrap-4.1.3-dist\\verificaLogin.php on line 54, referer: http://localhost:8080/DogWalker/bootstrap-4.1.3-dist/index.html
[Tue Mar 10 22:02:50.472593 2020] [:error] [pid 4480:tid 916] [client ::1:50817] PHP Fatal error:  Maximum execution time of 30 seconds exceeded in C:\\Users\\Aluno\\Desktop\\USBWebserver v8.6\\phpmyadmin\\libraries\\Error_Handler.class.php on line 120, referer: http://localhost:8080/phpmyadmin/index.php?token=d1a69a5b13b5a9aa20d53f0940c862c3
[Tue Mar 10 22:02:50.474593 2020] [:error] [pid 4480:tid 920] [client ::1:50825] PHP Fatal error:  Maximum execution time of 30 seconds exceeded in C:\\Users\\Aluno\\Desktop\\USBWebserver v8.6\\phpmyadmin\\libraries\\session.inc.php on line 103, referer: http://localhost:8080/phpmyadmin/index.php?token=d1a69a5b13b5a9aa20d53f0940c862c3
[Tue Mar 10 22:02:50.476593 2020] [:error] [pid 4480:tid 912] [client ::1:50830] PHP Fatal error:  Maximum execution time of 30 seconds exceeded in C:\\Users\\Aluno\\Desktop\\USBWebserver v8.6\\phpmyadmin\\libraries\\session.inc.php on line 103, referer: http://localhost:8080/phpmyadmin/index.php?token=d1a69a5b13b5a9aa20d53f0940c862c3
[Tue Mar 10 22:02:50.478593 2020] [:error] [pid 4480:tid 928] [client ::1:50893] PHP Fatal error:  Maximum execution time of 30 seconds exceeded in C:\\Users\\Aluno\\Desktop\\USBWebserver v8.6\\phpmyadmin\\libraries\\session.inc.php on line 103
