2020-03-10 21:26:23 3384 [Note] Plugin 'FEDERATED' is disabled.
2020-03-10 21:26:45 3384 [Note] InnoDB: The InnoDB memory heap is disabled
2020-03-10 21:26:45 3384 [Note] InnoDB: Mutexes and rw_locks use Windows interlocked functions
2020-03-10 21:26:45 3384 [Note] InnoDB: Compressed tables use zlib 1.2.3
2020-03-10 21:26:45 3384 [Note] InnoDB: Not using CPU crc32 instructions
2020-03-10 21:26:45 3384 [Note] InnoDB: Initializing buffer pool, size = 128.0M
2020-03-10 21:26:45 3384 [Note] InnoDB: Completed initialization of buffer pool
2020-03-10 21:26:46 3384 [Note] InnoDB: Highest supported file format is Barracuda.
2020-03-10 21:26:46 3384 [Note] InnoDB: The log sequence numbers 1626134 and 1626134 in ibdata files do not match the log sequence number 1662885 in the ib_logfiles!
2020-03-10 21:26:46 3384 [Note] InnoDB: Database was not shutdown normally!
2020-03-10 21:26:46 3384 [Note] InnoDB: Starting crash recovery.
2020-03-10 21:26:46 3384 [Note] InnoDB: Reading tablespace information from the .ibd files...
2020-03-10 21:26:48 3384 [Note] InnoDB: Restoring possible half-written data pages 
2020-03-10 21:26:48 3384 [Note] InnoDB: from the doublewrite buffer...
2020-03-10 21:26:50 4952 [Note] Plugin 'FEDERATED' is disabled.
2020-03-10 21:26:50 4952 [Note] InnoDB: The InnoDB memory heap is disabled
2020-03-10 21:26:50 4952 [Note] InnoDB: Mutexes and rw_locks use Windows interlocked functions
2020-03-10 21:26:50 4952 [Note] InnoDB: Compressed tables use zlib 1.2.3
2020-03-10 21:26:50 4952 [Note] InnoDB: Not using CPU crc32 instructions
2020-03-10 21:26:50 4952 [Note] InnoDB: Initializing buffer pool, size = 128.0M
2020-03-10 21:26:50 4952 [Note] InnoDB: Completed initialization of buffer pool
2020-03-10 21:26:50 4952 [ERROR] InnoDB: I:\USBWebserver v8.6\mysql\data\ibdata1 can't be opened in read-write mode
2020-03-10 21:26:50 4952 [ERROR] InnoDB: The system tablespace must be writable!
2020-03-10 21:26:50 4952 [ERROR] Plugin 'InnoDB' init function returned error.
2020-03-10 21:26:50 4952 [ERROR] Plugin 'InnoDB' registration as a STORAGE ENGINE failed.
2020-03-10 21:26:50 4952 [ERROR] Unknown/unsupported storage engine: InnoDB
2020-03-10 21:26:50 4952 [ERROR] Aborting

2020-03-10 21:26:50 4952 [Note] Binlog end
2020-03-10 21:26:50 4952 [Note] Shutting down plugin 'partition'
2020-03-10 21:26:50 4952 [Note] Shutting down plugin 'PERFORMANCE_SCHEMA'
2020-03-10 21:26:50 4952 [Note] Shutting down plugin 'INNODB_SYS_DATAFILES'
2020-03-10 21:26:50 4952 [Note] Shutting down plugin 'INNODB_SYS_TABLESPACES'
2020-03-10 21:26:50 4952 [Note] Shutting down plugin 'INNODB_SYS_FOREIGN_COLS'
2020-03-10 21:26:50 4952 [Note] Shutting down plugin 'INNODB_SYS_FOREIGN'
2020-03-10 21:26:50 4952 [Note] Shutting down plugin 'INNODB_SYS_FIELDS'
2020-03-10 21:26:50 4952 [Note] Shutting down plugin 'INNODB_SYS_COLUMNS'
2020-03-10 21:26:50 4952 [Note] Shutting down plugin 'INNODB_SYS_INDEXES'
2020-03-10 21:26:50 4952 [Note] Shutting down plugin 'INNODB_SYS_TABLESTATS'
2020-03-10 21:26:50 4952 [Note] Shutting down plugin 'INNODB_SYS_TABLES'
2020-03-10 21:26:50 4952 [Note] Shutting down plugin 'INNODB_FT_INDEX_TABLE'
2020-03-10 21:26:50 4952 [Note] Shutting down plugin 'INNODB_FT_INDEX_CACHE'
2020-03-10 21:26:50 4952 [Note] Shutting down plugin 'INNODB_FT_CONFIG'
2020-03-10 21:26:50 4952 [Note] Shutting down plugin 'INNODB_FT_BEING_DELETED'
2020-03-10 21:26:50 4952 [Note] Shutting down plugin 'INNODB_FT_DELETED'
2020-03-10 21:26:50 4952 [Note] Shutting down plugin 'INNODB_FT_DEFAULT_STOPWORD'
2020-03-10 21:26:50 4952 [Note] Shutting down plugin 'INNODB_METRICS'
2020-03-10 21:26:50 4952 [Note] Shutting down plugin 'INNODB_BUFFER_POOL_STATS'
2020-03-10 21:26:50 4952 [Note] Shutting down plugin 'INNODB_BUFFER_PAGE_LRU'
2020-03-10 21:26:50 4952 [Note] Shutting down plugin 'INNODB_BUFFER_PAGE'
2020-03-10 21:26:50 4952 [Note] Shutting down plugin 'INNODB_CMP_PER_INDEX_RESET'
2020-03-10 21:26:50 4952 [Note] Shutting down plugin 'INNODB_CMP_PER_INDEX'
2020-03-10 21:26:50 4952 [Note] Shutting down plugin 'INNODB_CMPMEM_RESET'
2020-03-10 21:26:50 4952 [Note] Shutting down plugin 'INNODB_CMPMEM'
2020-03-10 21:26:50 4952 [Note] Shutting down plugin 'INNODB_CMP_RESET'
2020-03-10 21:26:50 4952 [Note] Shutting down plugin 'INNODB_CMP'
2020-03-10 21:26:50 4952 [Note] Shutting down plugin 'INNODB_LOCK_WAITS'
2020-03-10 21:26:50 4952 [Note] Shutting down plugin 'INNODB_LOCKS'
2020-03-10 21:26:50 4952 [Note] Shutting down plugin 'INNODB_TRX'
2020-03-10 21:26:50 4952 [Note] Shutting down plugin 'BLACKHOLE'
2020-03-10 21:26:50 4952 [Note] Shutting down plugin 'ARCHIVE'
2020-03-10 21:26:50 4952 [Note] Shutting down plugin 'MRG_MYISAM'
2020-03-10 21:26:50 4952 [Note] Shutting down plugin 'MyISAM'
2020-03-10 21:26:50 4952 [Note] Shutting down plugin 'MEMORY'
2020-03-10 21:26:50 4952 [Note] Shutting down plugin 'CSV'
2020-03-10 21:26:50 4952 [Note] Shutting down plugin 'sha256_password'
2020-03-10 21:26:50 4952 [Note] Shutting down plugin 'mysql_old_password'
2020-03-10 21:26:50 4952 [Note] Shutting down plugin 'mysql_native_password'
2020-03-10 21:26:50 4952 [Note] Shutting down plugin 'binlog'
2020-03-10 21:26:51 4952 [Note] I:\USBWebserver v8.6/mysql/bin/mysqld_usbwv8.exe: Shutdown complete

2020-03-10 21:26:53 3384 [Note] InnoDB: 128 rollback segment(s) are active.
2020-03-10 21:26:53 3384 [Note] InnoDB: Waiting for purge to start
2020-03-10 21:26:54 3384 [Note] InnoDB: 5.6.13 started; log sequence number 1662885
2020-03-10 21:26:57 3384 [Note] Server hostname (bind-address): '*'; port: 3307
2020-03-10 21:26:57 3384 [Note] IPv6 is available.
2020-03-10 21:26:57 3384 [Note]   - '::' resolves to '::';
2020-03-10 21:26:57 3384 [Note] Server socket created on IP: '::'.
2020-03-10 21:29:33 3388 [Note] Plugin 'FEDERATED' is disabled.
2020-03-10 21:29:33 3388 [Note] InnoDB: The InnoDB memory heap is disabled
2020-03-10 21:29:33 3388 [Note] InnoDB: Mutexes and rw_locks use Windows interlocked functions
2020-03-10 21:29:33 3388 [Note] InnoDB: Compressed tables use zlib 1.2.3
2020-03-10 21:29:33 3388 [Note] InnoDB: Not using CPU crc32 instructions
2020-03-10 21:29:33 3388 [Note] InnoDB: Initializing buffer pool, size = 128.0M
2020-03-10 21:29:33 3388 [Note] InnoDB: Completed initialization of buffer pool
2020-03-10 21:29:33 3388 [Note] InnoDB: Highest supported file format is Barracuda.
2020-03-10 21:29:33 3388 [Note] InnoDB: The log sequence numbers 1626134 and 1626134 in ibdata files do not match the log sequence number 1662895 in the ib_logfiles!
2020-03-10 21:29:33 3388 [Note] InnoDB: Database was not shutdown normally!
2020-03-10 21:29:33 3388 [Note] InnoDB: Starting crash recovery.
2020-03-10 21:29:33 3388 [Note] InnoDB: Reading tablespace information from the .ibd files...
2020-03-10 21:29:33 3388 [Note] InnoDB: Restoring possible half-written data pages 
2020-03-10 21:29:33 3388 [Note] InnoDB: from the doublewrite buffer...
2020-03-10 21:29:33 3388 [Note] InnoDB: 128 rollback segment(s) are active.
2020-03-10 21:29:33 3388 [Note] InnoDB: Waiting for purge to start
2020-03-10 21:29:33 3388 [Note] InnoDB: 5.6.13 started; log sequence number 1662895
2020-03-10 21:29:33 3388 [Note] Server hostname (bind-address): '*'; port: 3307
2020-03-10 21:29:33 3388 [Note] IPv6 is available.
2020-03-10 21:29:33 3388 [Note]   - '::' resolves to '::';
2020-03-10 21:29:33 3388 [Note] Server socket created on IP: '::'.
2020-03-10 21:29:33 3388 [Note] Event Scheduler: Loaded 0 events
2020-03-10 21:29:33 3388 [Note] C:\Users\Aluno\Desktop\USBWebserver v8.6/mysql/bin/mysqld_usbwv8.exe: ready for connections.
Version: '5.6.13'  socket: ''  port: 3307  MySQL Community Server (GPL)
